<?xml version="1.0" encoding="UTF-8"?>
<!-- Generated by org.testng.reporters.JUnitReportReporter -->
<testsuite hostname="ATMECSINLT-601" failures="0" tests="6" name="com.atmecs.demo_blazesite.tests.ContactUs" time="65.125" errors="0" timestamp="2020-10-05T08:43:47 IST" skipped="0">
  <testcase classname="com.atmecs.demo_blazesite.tests.ContactUs" name="contactUs" time="11.733"/>
  <system-out/>
  <testcase classname="com.atmecs.demo_blazesite.tests.ContactUs" name="contactUs" time="12.317"/>
  <system-out/>
  <testcase classname="com.atmecs.demo_blazesite.tests.ContactUs" name="contactUs" time="12.293"/>
  <system-out/>
  <testcase classname="com.atmecs.demo_blazesite.tests.ContactUs" name="contactUs" time="7.981"/>
  <system-out/>
  <testcase classname="com.atmecs.demo_blazesite.tests.ContactUs" name="contactUs" time="12.945"/>
  <system-out/>
  <testcase classname="com.atmecs.demo_blazesite.tests.ContactUs" name="contactUs" time="7.856"/>
  <system-out/>
</testsuite> <!-- com.atmecs.demo_blazesite.tests.ContactUs -->
