<?xml version="1.0" encoding="UTF-8"?>
<!-- Generated by org.testng.reporters.JUnitReportReporter -->
<testsuite hostname="ATMECSINLT-601" failures="0" tests="5" name="com.atmecs.demo_blazesite.tests.ContactUs" time="63.798" errors="0" timestamp="2020-09-29T12:24:32 IST" skipped="0">
  <testcase classname="com.atmecs.demo_blazesite.tests.ContactUs" name="contactUs" time="12.070"/>
  <system-out/>
  <testcase classname="com.atmecs.demo_blazesite.tests.ContactUs" name="contactUs" time="11.253"/>
  <system-out/>
  <testcase classname="com.atmecs.demo_blazesite.tests.ContactUs" name="contactUs" time="8.102"/>
  <system-out/>
  <testcase classname="com.atmecs.demo_blazesite.tests.ContactUs" name="contactUs" time="23.893"/>
  <system-out/>
  <testcase classname="com.atmecs.demo_blazesite.tests.ContactUs" name="contactUs" time="8.480"/>
  <system-out/>
</testsuite> <!-- com.atmecs.demo_blazesite.tests.ContactUs -->
