<?xml version="1.0" encoding="UTF-8"?>
<!-- Generated by org.testng.reporters.JUnitReportReporter -->
<testsuite hostname="ATMECSINLT-601" failures="0" tests="1" name="com.atmecs.demo_blazesite.tests.AddProduct" time="22.335" errors="0" timestamp="2020-10-05T08:43:47 IST" skipped="0">
  <testcase classname="com.atmecs.demo_blazesite.tests.AddProduct" name="addProduct" time="22.335"/>
  <system-out/>
</testsuite> <!-- com.atmecs.demo_blazesite.tests.AddProduct -->
