<?xml version="1.0" encoding="UTF-8"?>
<!-- Generated by org.testng.reporters.JUnitReportReporter -->
<testsuite hostname="ATMECSINLT-601" failures="0" tests="1" name="com.atmecs.demo_blazesite.tests.AddProduct" time="23.152" errors="0" timestamp="2020-09-30T18:25:36 IST" skipped="0">
  <testcase classname="com.atmecs.demo_blazesite.tests.AddProduct" name="addProduct" time="23.152"/>
  <system-out/>
</testsuite> <!-- com.atmecs.demo_blazesite.tests.AddProduct -->
