<?xml version="1.0" encoding="UTF-8"?>
<!-- Generated by org.testng.reporters.JUnitReportReporter -->
<testsuite hostname="ATMECSINLT-601" failures="0" tests="6" name="com.atmecs.demo_blazesite.tests.ContactUs" time="51.314" errors="0" timestamp="2020-10-01T14:23:49 IST" skipped="0">
  <testcase classname="com.atmecs.demo_blazesite.tests.ContactUs" name="contactUs" time="7.278"/>
  <system-out/>
  <testcase classname="com.atmecs.demo_blazesite.tests.ContactUs" name="contactUs" time="7.429"/>
  <system-out/>
  <testcase classname="com.atmecs.demo_blazesite.tests.ContactUs" name="contactUs" time="12.989"/>
  <system-out/>
  <testcase classname="com.atmecs.demo_blazesite.tests.ContactUs" name="contactUs" time="7.540"/>
  <system-out/>
  <testcase classname="com.atmecs.demo_blazesite.tests.ContactUs" name="contactUs" time="8.100"/>
  <system-out/>
  <testcase classname="com.atmecs.demo_blazesite.tests.ContactUs" name="contactUs" time="7.978"/>
  <system-out/>
</testsuite> <!-- com.atmecs.demo_blazesite.tests.ContactUs -->
