<?xml version="1.0" encoding="UTF-8"?>
<!-- Generated by org.testng.reporters.JUnitReportReporter -->
<testsuite hostname="ATMECSINLT-601" failures="0" tests="5" name="com.atmecs.demo_blazesite.tests.SignIn" time="62.088" errors="0" timestamp="2020-09-30T18:25:36 IST" skipped="0">
  <testcase classname="com.atmecs.demo_blazesite.tests.SignIn" name="signIn" time="14.726"/>
  <system-out/>
  <testcase classname="com.atmecs.demo_blazesite.tests.SignIn" name="signIn" time="13.589"/>
  <system-out/>
  <testcase classname="com.atmecs.demo_blazesite.tests.SignIn" name="signIn" time="11.040"/>
  <system-out/>
  <testcase classname="com.atmecs.demo_blazesite.tests.SignIn" name="signIn" time="9.934"/>
  <system-out/>
  <testcase classname="com.atmecs.demo_blazesite.tests.SignIn" name="signIn" time="12.799"/>
  <system-out/>
</testsuite> <!-- com.atmecs.demo_blazesite.tests.SignIn -->
