<?xml version="1.0" encoding="UTF-8"?>
<!-- Generated by org.testng.reporters.JUnitReportReporter -->
<testsuite hostname="ATMECSINLT-601" failures="0" tests="5" name="com.atmecs.demo_blazesite.tests.SignIn" time="64.424" errors="0" timestamp="2020-10-01T14:25:08 IST" skipped="0">
  <testcase classname="com.atmecs.demo_blazesite.tests.SignIn" name="signIn" time="13.635"/>
  <system-out/>
  <testcase classname="com.atmecs.demo_blazesite.tests.SignIn" name="signIn" time="10.060"/>
  <system-out/>
  <testcase classname="com.atmecs.demo_blazesite.tests.SignIn" name="signIn" time="13.285"/>
  <system-out/>
  <testcase classname="com.atmecs.demo_blazesite.tests.SignIn" name="signIn" time="12.963"/>
  <system-out/>
  <testcase classname="com.atmecs.demo_blazesite.tests.SignIn" name="signIn" time="14.481"/>
  <system-out/>
</testsuite> <!-- com.atmecs.demo_blazesite.tests.SignIn -->
