<?xml version="1.0" encoding="UTF-8"?>
<!-- Generated by org.testng.reporters.JUnitReportReporter -->
<testsuite hostname="ATMECSINLT-601" failures="0" tests="5" name="com.atmecs.demo_blazesite.tests.SignIn" time="64.858" errors="0" timestamp="2020-09-29T12:24:32 IST" skipped="0">
  <testcase classname="com.atmecs.demo_blazesite.tests.SignIn" name="signIn" time="12.943"/>
  <system-out/>
  <testcase classname="com.atmecs.demo_blazesite.tests.SignIn" name="signIn" time="14.045"/>
  <system-out/>
  <testcase classname="com.atmecs.demo_blazesite.tests.SignIn" name="signIn" time="13.698"/>
  <system-out/>
  <testcase classname="com.atmecs.demo_blazesite.tests.SignIn" name="signIn" time="10.477"/>
  <system-out/>
  <testcase classname="com.atmecs.demo_blazesite.tests.SignIn" name="signIn" time="13.695"/>
  <system-out/>
</testsuite> <!-- com.atmecs.demo_blazesite.tests.SignIn -->
