<?xml version="1.0" encoding="UTF-8"?>
<!-- Generated by org.testng.reporters.JUnitReportReporter -->
<testsuite hostname="ATMECSINLT-601" failures="0" tests="5" name="com.atmecs.demo_blazesite.tests.ContactUs" time="55.349" errors="0" timestamp="2020-09-30T18:25:36 IST" skipped="0">
  <testcase classname="com.atmecs.demo_blazesite.tests.ContactUs" name="contactUs" time="12.567"/>
  <system-out/>
  <testcase classname="com.atmecs.demo_blazesite.tests.ContactUs" name="contactUs" time="9.691"/>
  <system-out/>
  <testcase classname="com.atmecs.demo_blazesite.tests.ContactUs" name="contactUs" time="7.853"/>
  <system-out/>
  <testcase classname="com.atmecs.demo_blazesite.tests.ContactUs" name="contactUs" time="12.868"/>
  <system-out/>
  <testcase classname="com.atmecs.demo_blazesite.tests.ContactUs" name="contactUs" time="12.370"/>
  <system-out/>
</testsuite> <!-- com.atmecs.demo_blazesite.tests.ContactUs -->
