<?xml version="1.0" encoding="UTF-8"?>
<!-- Generated by org.testng.reporters.JUnitReportReporter -->
<testsuite hostname="ATMECSINLT-601" failures="0" tests="5" name="com.atmecs.demo_blazesite.tests.Login" time="43.497" errors="0" timestamp="2020-10-05T08:43:47 IST" skipped="0">
  <testcase classname="com.atmecs.demo_blazesite.tests.Login" name="logIn" time="11.738"/>
  <system-out/>
  <testcase classname="com.atmecs.demo_blazesite.tests.Login" name="logIn" time="8.433"/>
  <system-out/>
  <testcase classname="com.atmecs.demo_blazesite.tests.Login" name="logIn" time="8.155"/>
  <system-out/>
  <testcase classname="com.atmecs.demo_blazesite.tests.Login" name="logIn" time="7.563"/>
  <system-out/>
  <testcase classname="com.atmecs.demo_blazesite.tests.Login" name="logIn" time="7.608"/>
  <system-out/>
</testsuite> <!-- com.atmecs.demo_blazesite.tests.Login -->
