<?xml version="1.0" encoding="UTF-8"?>
<!-- Generated by org.testng.reporters.JUnitReportReporter -->
<testsuite hostname="ATMECSINLT-601" failures="0" tests="5" name="com.atmecs.demo_blazesite.tests.SignIn" time="68.205" errors="0" timestamp="2020-10-05T08:43:47 IST" skipped="0">
  <testcase classname="com.atmecs.demo_blazesite.tests.SignIn" name="signIn" time="13.263"/>
  <system-out/>
  <testcase classname="com.atmecs.demo_blazesite.tests.SignIn" name="signIn" time="13.350"/>
  <system-out/>
  <testcase classname="com.atmecs.demo_blazesite.tests.SignIn" name="signIn" time="14.195"/>
  <system-out/>
  <testcase classname="com.atmecs.demo_blazesite.tests.SignIn" name="signIn" time="12.836"/>
  <system-out/>
  <testcase classname="com.atmecs.demo_blazesite.tests.SignIn" name="signIn" time="14.561"/>
  <system-out/>
</testsuite> <!-- com.atmecs.demo_blazesite.tests.SignIn -->
