<?xml version="1.0" encoding="UTF-8"?>
<!-- Generated by org.testng.reporters.JUnitReportReporter -->
<testsuite hostname="ATMECSINLT-601" failures="0" tests="10" name="com.atmecs.demo_blazesite.tests.Login" time="112.669" errors="0" timestamp="2020-10-08T11:14:22 IST" skipped="0">
  <testcase classname="com.atmecs.demo_blazesite.tests.Login" name="logIn" time="11.821"/>
  <system-out/>
  <testcase classname="com.atmecs.demo_blazesite.tests.Login" name="logIn" time="8.897"/>
  <system-out/>
  <testcase classname="com.atmecs.demo_blazesite.tests.Login" name="logIn" time="13.485"/>
  <system-out/>
  <testcase classname="com.atmecs.demo_blazesite.tests.Login" name="logIn" time="10.974"/>
  <system-out/>
  <testcase classname="com.atmecs.demo_blazesite.tests.Login" name="logIn" time="11.537"/>
  <system-out/>
  <testcase classname="com.atmecs.demo_blazesite.tests.Login" name="logIn" time="9.083"/>
  <system-out/>
  <testcase classname="com.atmecs.demo_blazesite.tests.Login" name="logIn" time="12.672"/>
  <system-out/>
  <testcase classname="com.atmecs.demo_blazesite.tests.Login" name="logIn" time="10.259"/>
  <system-out/>
  <testcase classname="com.atmecs.demo_blazesite.tests.Login" name="logIn" time="11.296"/>
  <system-out/>
  <testcase classname="com.atmecs.demo_blazesite.tests.Login" name="logIn" time="12.645"/>
  <system-out/>
</testsuite> <!-- com.atmecs.demo_blazesite.tests.Login -->
