<?xml version="1.0" encoding="UTF-8"?>
<!-- Generated by org.testng.reporters.JUnitReportReporter -->
<testsuite hostname="ATMECSINLT-601" failures="0" tests="12" name="com.atmecs.demo_blazesite.tests.ContactUsTest" time="143.961" errors="0" timestamp="2020-10-09T15:28:32 IST" skipped="0">
  <testcase classname="com.atmecs.demo_blazesite.tests.ContactUsTest" name="contactUs" time="14.812"/>
  <system-out/>
  <testcase classname="com.atmecs.demo_blazesite.tests.ContactUsTest" name="contactUs" time="12.414"/>
  <system-out/>
  <testcase classname="com.atmecs.demo_blazesite.tests.ContactUsTest" name="contactUs" time="9.708"/>
  <system-out/>
  <testcase classname="com.atmecs.demo_blazesite.tests.ContactUsTest" name="contactUs" time="12.171"/>
  <system-out/>
  <testcase classname="com.atmecs.demo_blazesite.tests.ContactUsTest" name="contactUs" time="11.872"/>
  <system-out/>
  <testcase classname="com.atmecs.demo_blazesite.tests.ContactUsTest" name="contactUs" time="13.132"/>
  <system-out/>
  <testcase classname="com.atmecs.demo_blazesite.tests.ContactUsTest" name="contactUs" time="7.881"/>
  <system-out/>
  <testcase classname="com.atmecs.demo_blazesite.tests.ContactUsTest" name="contactUs" time="9.298"/>
  <system-out/>
  <testcase classname="com.atmecs.demo_blazesite.tests.ContactUsTest" name="contactUs" time="12.770"/>
  <system-out/>
  <testcase classname="com.atmecs.demo_blazesite.tests.ContactUsTest" name="contactUs" time="12.694"/>
  <system-out/>
  <testcase classname="com.atmecs.demo_blazesite.tests.ContactUsTest" name="contactUs" time="12.408"/>
  <system-out/>
  <testcase classname="com.atmecs.demo_blazesite.tests.ContactUsTest" name="contactUs" time="14.801"/>
  <system-out/>
</testsuite> <!-- com.atmecs.demo_blazesite.tests.ContactUsTest -->
