<?xml version="1.0" encoding="UTF-8"?>
<!-- Generated by org.testng.reporters.JUnitReportReporter -->
<testsuite hostname="ATMECSINLT-601" failures="0" tests="5" name="com.atmecs.demo_blazesite.tests.Login" time="52.534" errors="0" timestamp="2020-10-05T11:10:51 IST" skipped="0">
  <testcase classname="com.atmecs.demo_blazesite.tests.Login" name="logIn" time="8.669"/>
  <system-out/>
  <testcase classname="com.atmecs.demo_blazesite.tests.Login" name="logIn" time="7.769"/>
  <system-out/>
  <testcase classname="com.atmecs.demo_blazesite.tests.Login" name="logIn" time="7.832"/>
  <system-out/>
  <testcase classname="com.atmecs.demo_blazesite.tests.Login" name="logIn" time="12.025"/>
  <system-out/>
  <testcase classname="com.atmecs.demo_blazesite.tests.Login" name="logIn" time="16.239"/>
  <system-out/>
</testsuite> <!-- com.atmecs.demo_blazesite.tests.Login -->
