<?xml version="1.0" encoding="UTF-8"?>
<!-- Generated by org.testng.reporters.JUnitReportReporter -->
<testsuite hostname="ATMECSINLT-601" failures="0" tests="2" name="com.atmecs.demo_blazesite.tests.AddProductTest" time="38.551" errors="0" timestamp="2020-10-09T15:28:32 IST" skipped="0">
  <testcase classname="com.atmecs.demo_blazesite.tests.AddProductTest" name="addProduct" time="18.192"/>
  <system-out/>
  <testcase classname="com.atmecs.demo_blazesite.tests.AddProductTest" name="addProduct" time="20.359"/>
  <system-out/>
</testsuite> <!-- com.atmecs.demo_blazesite.tests.AddProductTest -->
