<?xml version="1.0" encoding="UTF-8"?>
<!-- Generated by org.testng.reporters.JUnitReportReporter -->
<testsuite hostname="ATMECSINLT-601" failures="0" tests="5" name="com.atmecs.demo_blazesite.tests.Login" time="40.622" errors="0" timestamp="2020-10-06T11:50:15 IST" skipped="0">
  <testcase classname="com.atmecs.demo_blazesite.tests.Login" name="logIn" time="7.418"/>
  <system-out/>
  <testcase classname="com.atmecs.demo_blazesite.tests.Login" name="logIn" time="8.830"/>
  <system-out/>
  <testcase classname="com.atmecs.demo_blazesite.tests.Login" name="logIn" time="8.628"/>
  <system-out/>
  <testcase classname="com.atmecs.demo_blazesite.tests.Login" name="logIn" time="8.057"/>
  <system-out/>
  <testcase classname="com.atmecs.demo_blazesite.tests.Login" name="logIn" time="7.689"/>
  <system-out/>
</testsuite> <!-- com.atmecs.demo_blazesite.tests.Login -->
