<?xml version="1.0" encoding="UTF-8"?>
<!-- Generated by org.testng.reporters.JUnitReportReporter -->
<testsuite hostname="ATMECSINLT-601" failures="0" tests="10" name="com.atmecs.demo_blazesite.tests.LoginTest" time="124.847" errors="0" timestamp="2020-10-12T15:02:28 IST" skipped="0">
  <testcase classname="com.atmecs.demo_blazesite.tests.LoginTest" name="logIn" time="12.371"/>
  <system-out/>
  <testcase classname="com.atmecs.demo_blazesite.tests.LoginTest" name="logIn" time="10.379"/>
  <system-out/>
  <testcase classname="com.atmecs.demo_blazesite.tests.LoginTest" name="logIn" time="10.965"/>
  <system-out/>
  <testcase classname="com.atmecs.demo_blazesite.tests.LoginTest" name="logIn" time="12.624"/>
  <system-out/>
  <testcase classname="com.atmecs.demo_blazesite.tests.LoginTest" name="logIn" time="13.960"/>
  <system-out/>
  <testcase classname="com.atmecs.demo_blazesite.tests.LoginTest" name="logIn" time="10.671"/>
  <system-out/>
  <testcase classname="com.atmecs.demo_blazesite.tests.LoginTest" name="logIn" time="14.441"/>
  <system-out/>
  <testcase classname="com.atmecs.demo_blazesite.tests.LoginTest" name="logIn" time="14.488"/>
  <system-out/>
  <testcase classname="com.atmecs.demo_blazesite.tests.LoginTest" name="logIn" time="13.529"/>
  <system-out/>
  <testcase classname="com.atmecs.demo_blazesite.tests.LoginTest" name="logIn" time="11.419"/>
  <system-out/>
</testsuite> <!-- com.atmecs.demo_blazesite.tests.LoginTest -->
