<?xml version="1.0" encoding="UTF-8"?>
<!-- Generated by org.testng.reporters.JUnitReportReporter -->
<testsuite hostname="ATMECSINLT-601" failures="0" tests="10" name="com.atmecs.demo_blazesite.tests.LoginTest" time="150.728" errors="0" timestamp="2020-10-09T15:28:32 IST" skipped="0">
  <testcase classname="com.atmecs.demo_blazesite.tests.LoginTest" name="logIn" time="19.871"/>
  <system-out/>
  <testcase classname="com.atmecs.demo_blazesite.tests.LoginTest" name="logIn" time="15.838"/>
  <system-out/>
  <testcase classname="com.atmecs.demo_blazesite.tests.LoginTest" name="logIn" time="10.451"/>
  <system-out/>
  <testcase classname="com.atmecs.demo_blazesite.tests.LoginTest" name="logIn" time="14.004"/>
  <system-out/>
  <testcase classname="com.atmecs.demo_blazesite.tests.LoginTest" name="logIn" time="17.396"/>
  <system-out/>
  <testcase classname="com.atmecs.demo_blazesite.tests.LoginTest" name="logIn" time="11.511"/>
  <system-out/>
  <testcase classname="com.atmecs.demo_blazesite.tests.LoginTest" name="logIn" time="19.483"/>
  <system-out/>
  <testcase classname="com.atmecs.demo_blazesite.tests.LoginTest" name="logIn" time="12.960"/>
  <system-out/>
  <testcase classname="com.atmecs.demo_blazesite.tests.LoginTest" name="logIn" time="13.820"/>
  <system-out/>
  <testcase classname="com.atmecs.demo_blazesite.tests.LoginTest" name="logIn" time="15.394"/>
  <system-out/>
</testsuite> <!-- com.atmecs.demo_blazesite.tests.LoginTest -->
