<?xml version="1.0" encoding="UTF-8"?>
<!-- Generated by org.testng.reporters.JUnitReportReporter -->
<testsuite hostname="ATMECSINLT-601" failures="0" tests="6" name="com.atmecs.demo_blazesite.tests.ContactUs" time="69.349" errors="0" timestamp="2020-10-06T11:50:15 IST" skipped="0">
  <testcase classname="com.atmecs.demo_blazesite.tests.ContactUs" name="contactUs" time="12.274"/>
  <system-out/>
  <testcase classname="com.atmecs.demo_blazesite.tests.ContactUs" name="contactUs" time="11.720"/>
  <system-out/>
  <testcase classname="com.atmecs.demo_blazesite.tests.ContactUs" name="contactUs" time="12.722"/>
  <system-out/>
  <testcase classname="com.atmecs.demo_blazesite.tests.ContactUs" name="contactUs" time="12.363"/>
  <system-out/>
  <testcase classname="com.atmecs.demo_blazesite.tests.ContactUs" name="contactUs" time="12.270"/>
  <system-out/>
  <testcase classname="com.atmecs.demo_blazesite.tests.ContactUs" name="contactUs" time="8.000"/>
  <system-out/>
</testsuite> <!-- com.atmecs.demo_blazesite.tests.ContactUs -->
