<?xml version="1.0" encoding="UTF-8"?>
<!-- Generated by org.testng.reporters.JUnitReportReporter -->
<testsuite hostname="ATMECSINLT-601" failures="0" tests="5" name="com.atmecs.demo_blazesite.tests.SignIn" time="52.883" errors="0" timestamp="2020-10-05T11:10:51 IST" skipped="0">
  <testcase classname="com.atmecs.demo_blazesite.tests.SignIn" name="signIn" time="8.687"/>
  <system-out/>
  <testcase classname="com.atmecs.demo_blazesite.tests.SignIn" name="signIn" time="13.959"/>
  <system-out/>
  <testcase classname="com.atmecs.demo_blazesite.tests.SignIn" name="signIn" time="12.703"/>
  <system-out/>
  <testcase classname="com.atmecs.demo_blazesite.tests.SignIn" name="signIn" time="8.523"/>
  <system-out/>
  <testcase classname="com.atmecs.demo_blazesite.tests.SignIn" name="signIn" time="9.011"/>
  <system-out/>
</testsuite> <!-- com.atmecs.demo_blazesite.tests.SignIn -->
