<?xml version="1.0" encoding="UTF-8"?>
<!-- Generated by org.testng.reporters.JUnitReportReporter -->
<testsuite hostname="ATMECSINLT-601" failures="0" tests="2" name="com.atmecs.demo_blazesite.tests.AddProduct" time="41.825" errors="0" timestamp="2020-10-07T11:05:13 IST" skipped="0">
  <testcase classname="com.atmecs.demo_blazesite.tests.AddProduct" name="addProduct" time="21.276"/>
  <system-out/>
  <testcase classname="com.atmecs.demo_blazesite.tests.AddProduct" name="addProduct" time="20.549"/>
  <system-out/>
</testsuite> <!-- com.atmecs.demo_blazesite.tests.AddProduct -->
