<?xml version="1.0" encoding="UTF-8"?>
<!-- Generated by org.testng.reporters.JUnitReportReporter -->
<testsuite hostname="ATMECSINLT-601" failures="0" tests="10" name="com.atmecs.demo_blazesite.tests.SignInTest" time="125.000" errors="0" timestamp="2020-10-12T15:02:28 IST" skipped="0">
  <testcase classname="com.atmecs.demo_blazesite.tests.SignInTest" name="signIn" time="13.345"/>
  <system-out/>
  <testcase classname="com.atmecs.demo_blazesite.tests.SignInTest" name="signIn" time="10.540"/>
  <system-out/>
  <testcase classname="com.atmecs.demo_blazesite.tests.SignInTest" name="signIn" time="11.030"/>
  <system-out/>
  <testcase classname="com.atmecs.demo_blazesite.tests.SignInTest" name="signIn" time="15.568"/>
  <system-out/>
  <testcase classname="com.atmecs.demo_blazesite.tests.SignInTest" name="signIn" time="14.039"/>
  <system-out/>
  <testcase classname="com.atmecs.demo_blazesite.tests.SignInTest" name="signIn" time="15.395"/>
  <system-out/>
  <testcase classname="com.atmecs.demo_blazesite.tests.SignInTest" name="signIn" time="11.809"/>
  <system-out/>
  <testcase classname="com.atmecs.demo_blazesite.tests.SignInTest" name="signIn" time="12.108"/>
  <system-out/>
  <testcase classname="com.atmecs.demo_blazesite.tests.SignInTest" name="signIn" time="9.662"/>
  <system-out/>
  <testcase classname="com.atmecs.demo_blazesite.tests.SignInTest" name="signIn" time="11.504"/>
  <system-out/>
</testsuite> <!-- com.atmecs.demo_blazesite.tests.SignInTest -->
