<?xml version="1.0" encoding="UTF-8"?>
<!-- Generated by org.testng.reporters.JUnitReportReporter -->
<testsuite hostname="ATMECSINLT-601" failures="0" tests="12" name="com.atmecs.demo_blazesite.tests.ContactUsTest" time="141.845" errors="0" timestamp="2020-10-12T15:02:28 IST" skipped="0">
  <testcase classname="com.atmecs.demo_blazesite.tests.ContactUsTest" name="contactUs" time="11.472"/>
  <system-out/>
  <testcase classname="com.atmecs.demo_blazesite.tests.ContactUsTest" name="contactUs" time="12.851"/>
  <system-out/>
  <testcase classname="com.atmecs.demo_blazesite.tests.ContactUsTest" name="contactUs" time="10.430"/>
  <system-out/>
  <testcase classname="com.atmecs.demo_blazesite.tests.ContactUsTest" name="contactUs" time="12.161"/>
  <system-out/>
  <testcase classname="com.atmecs.demo_blazesite.tests.ContactUsTest" name="contactUs" time="15.951"/>
  <system-out/>
  <testcase classname="com.atmecs.demo_blazesite.tests.ContactUsTest" name="contactUs" time="9.023"/>
  <system-out/>
  <testcase classname="com.atmecs.demo_blazesite.tests.ContactUsTest" name="contactUs" time="12.996"/>
  <system-out/>
  <testcase classname="com.atmecs.demo_blazesite.tests.ContactUsTest" name="contactUs" time="8.778"/>
  <system-out/>
  <testcase classname="com.atmecs.demo_blazesite.tests.ContactUsTest" name="contactUs" time="10.492"/>
  <system-out/>
  <testcase classname="com.atmecs.demo_blazesite.tests.ContactUsTest" name="contactUs" time="12.470"/>
  <system-out/>
  <testcase classname="com.atmecs.demo_blazesite.tests.ContactUsTest" name="contactUs" time="11.114"/>
  <system-out/>
  <testcase classname="com.atmecs.demo_blazesite.tests.ContactUsTest" name="contactUs" time="14.107"/>
  <system-out/>
</testsuite> <!-- com.atmecs.demo_blazesite.tests.ContactUsTest -->
