<?xml version="1.0" encoding="UTF-8"?>
<!-- Generated by org.testng.reporters.JUnitReportReporter -->
<testsuite hostname="ATMECSINLT-601" failures="0" tests="5" name="com.atmecs.demo_blazesite.tests.Login" time="38.503" errors="0" timestamp="2020-10-05T08:47:15 IST" skipped="0">
  <testcase classname="com.atmecs.demo_blazesite.tests.Login" name="logIn" time="7.757"/>
  <system-out/>
  <testcase classname="com.atmecs.demo_blazesite.tests.Login" name="logIn" time="8.126"/>
  <system-out/>
  <testcase classname="com.atmecs.demo_blazesite.tests.Login" name="logIn" time="7.649"/>
  <system-out/>
  <testcase classname="com.atmecs.demo_blazesite.tests.Login" name="logIn" time="7.532"/>
  <system-out/>
  <testcase classname="com.atmecs.demo_blazesite.tests.Login" name="logIn" time="7.439"/>
  <system-out/>
</testsuite> <!-- com.atmecs.demo_blazesite.tests.Login -->
